[debug] [2022-09-21T07:35:21.889Z] ----------------------------------------------------------------------
[debug] [2022-09-21T07:35:21.890Z] Command:       C:\Program Files\nodejs\node.exe C:\Users\huynh\AppData\Roaming\npm\node_modules\firebase-tools\lib\bin\firebase.js init hosting
[debug] [2022-09-21T07:35:21.891Z] CLI Version:   11.8.0
[debug] [2022-09-21T07:35:21.891Z] Platform:      win32
[debug] [2022-09-21T07:35:21.891Z] Node Version:  v14.18.0
[debug] [2022-09-21T07:35:21.892Z] Time:          Wed Sep 21 2022 14:35:21 GMT+0700 (Indochina Time)
[debug] [2022-09-21T07:35:21.892Z] ----------------------------------------------------------------------
[debug] 
[debug] [2022-09-21T07:35:21.895Z] >>> [apiv2][query] GET https://firebase-public.firebaseio.com/cli.json [none]
[debug] [2022-09-21T07:35:21.912Z] > command requires scopes: ["email","openid","https://www.googleapis.com/auth/cloudplatformprojects.readonly","https://www.googleapis.com/auth/firebase","https://www.googleapis.com/auth/cloud-platform"]
[debug] [2022-09-21T07:35:21.912Z] > authorizing via signed-in user (hienhuynh076@gmail.com)
[info] 
     ######## #### ########  ######## ########     ###     ######  ########
     ##        ##  ##     ## ##       ##     ##  ##   ##  ##       ##
     ######    ##  ########  ######   ########  #########  ######  ######
     ##        ##  ##    ##  ##       ##     ## ##     ##       ## ##
     ##       #### ##     ## ######## ########  ##     ##  ######  ########

You're about to initialize a Firebase project in this directory:

  D:\Hien\PROJECT\react-apollo

[debug] [2022-09-21T07:35:22.432Z] <<< [apiv2][status] GET https://firebase-public.firebaseio.com/cli.json 200
[debug] [2022-09-21T07:35:22.432Z] <<< [apiv2][body] GET https://firebase-public.firebaseio.com/cli.json {"cloudBuildErrorAfter":1594252800000,"cloudBuildWarnAfter":1590019200000,"defaultNode10After":1594252800000,"minVersion":"3.0.5","node8DeploysDisabledAfter":1613390400000,"node8RuntimeDisabledAfter":1615809600000,"node8WarnAfter":1600128000000}
[info] 
=== Project Setup
[info] 
[info] First, let's associate this project directory with a Firebase project.
[info] You can create multiple project aliases by running firebase use --add, 
[info] but for now we'll just set up a default project.
[info] 
[debug] [2022-09-21T07:35:38.454Z] > refreshing access token with scopes: []
[debug] [2022-09-21T07:35:38.455Z] >>> [apiv2][query] POST https://www.googleapis.com/oauth2/v3/token [none]
[debug] [2022-09-21T07:35:38.455Z] >>> [apiv2][body] POST https://www.googleapis.com/oauth2/v3/token [omitted]
[debug] [2022-09-21T07:35:38.721Z] <<< [apiv2][status] POST https://www.googleapis.com/oauth2/v3/token 200
[debug] [2022-09-21T07:35:38.721Z] <<< [apiv2][body] POST https://www.googleapis.com/oauth2/v3/token [omitted]
[debug] [2022-09-21T07:35:38.740Z] >>> [apiv2][query] GET https://firebase.googleapis.com/v1beta1/projects pageSize=100
[debug] [2022-09-21T07:35:39.510Z] <<< [apiv2][status] GET https://firebase.googleapis.com/v1beta1/projects 200
[debug] [2022-09-21T07:35:39.510Z] <<< [apiv2][body] GET https://firebase.googleapis.com/v1beta1/projects [omitted]
[info] i  Using project react-apollo-hero (React-Apollo) 
[info] 
=== Hosting Setup
[info] 
[info] Your public directory is the folder (relative to your project directory) that
[info] will contain Hosting assets to be uploaded with firebase deploy. If you
[info] have a build process for your assets, use your build's output directory.
[info] 
[info] +  Wrote public/404.html 
[debug] [2022-09-21T07:35:57.444Z] >>> [apiv2][query] GET https://www.gstatic.com/firebasejs/releases.json [none]
[debug] [2022-09-21T07:35:57.629Z] <<< [apiv2][status] GET https://www.gstatic.com/firebasejs/releases.json 200
[debug] [2022-09-21T07:35:57.629Z] <<< [apiv2][body] GET https://www.gstatic.com/firebasejs/releases.json {"current":{"version":"9.10.0","browserURL":"https://www.gstatic.com/firebasejs/9.10.0/firebase.js","packageURL":"https://www.gstatic.com/firebasejs/9.10.0/firebase.tgz"},"live":{"version":"9.10","browserURL":"https://www.gstatic.com/firebasejs/live/9.10/firebase.js","packageURL":"https://www.gstatic.com/firebasejs/live/9.10/firebase.tgz"},"components":{"analytics":"https://www.gstatic.com/firebasejs/9.10.0/firebase-analytics.js","app":"https://www.gstatic.com/firebasejs/9.10.0/firebase-app.js","app-check":"https://www.gstatic.com/firebasejs/9.10.0/firebase-app-check.js","auth":"https://www.gstatic.com/firebasejs/9.10.0/firebase-auth.js","auth/cordova":"https://www.gstatic.com/firebasejs/9.10.0/firebase-auth/cordova.js","auth/react-native":"https://www.gstatic.com/firebasejs/9.10.0/firebase-auth/react-native.js","functions":"https://www.gstatic.com/firebasejs/9.10.0/firebase-functions.js","firestore":"https://www.gstatic.com/firebasejs/9.10.0/firebase-firestore.js","firestore/lite":"https://www.gstatic.com/firebasejs/9.10.0/firebase-firestore/lite.js","installations":"https://www.gstatic.com/firebasejs/9.10.0/firebase-installations.js","storage":"https://www.gstatic.com/firebasejs/9.10.0/firebase-storage.js","performance":"https://www.gstatic.com/firebasejs/9.10.0/firebase-performance.js","remote-config":"https://www.gstatic.com/firebasejs/9.10.0/firebase-remote-config.js","messaging":"https://www.gstatic.com/firebasejs/9.10.0/firebase-messaging.js","messaging/sw":"https://www.gstatic.com/firebasejs/9.10.0/firebase-messaging/sw.js","database":"https://www.gstatic.com/firebasejs/9.10.0/firebase-database.js","firestore.memory":"https://www.gstatic.com/firebasejs/9.10.0/firebase-firestore.memory.js"}}
[info] i  Skipping write of public/index.html 
[info] 
[info] i  Detected a .git folder at D:\Hien\PROJECT\react-apollo 
[info] i  Authorizing with GitHub to upload your service account to a GitHub repository's secrets store. 
[info] 
[info] Visit this URL on this device to log in:
[info] https://github.com/login/oauth/authorize?client_id=89cf50f02ac6aaed3484&state=698094550&redirect_uri=http%3A%2F%2Flocalhost%3A9005&scope=read%3Auser%20repo%20public_repo
[info] 
[info] Waiting for authentication...
[debug] [2022-09-21T07:37:03.271Z] >>> [apiv2][query] POST https://github.com/login/oauth/access_token [none]
[debug] [2022-09-21T07:37:03.271Z] >>> [apiv2][body] POST https://github.com/login/oauth/access_token [stream]
[debug] [2022-09-21T07:37:03.895Z] <<< [apiv2][status] POST https://github.com/login/oauth/access_token 200
[debug] [2022-09-21T07:37:03.895Z] <<< [apiv2][body] POST https://github.com/login/oauth/access_token {"access_token":"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","token_type":"bearer","scope":"read:user,repo"}
[debug] [2022-09-21T07:37:03.899Z] >>> [apiv2][query] GET https://api.github.com/user [none]
[debug] [2022-09-21T07:37:04.375Z] <<< [apiv2][status] GET https://api.github.com/user 200
[debug] [2022-09-21T07:37:04.375Z] <<< [apiv2][body] GET https://api.github.com/user {"login":"trunghien123","id":44777619,"node_id":"MDQ6VXNlcjQ0Nzc3NjE5","avatar_url":"https://avatars.githubusercontent.com/u/44777619?v=4","gravatar_id":"","url":"https://api.github.com/users/trunghien123","html_url":"https://github.com/trunghien123","followers_url":"https://api.github.com/users/trunghien123/followers","following_url":"https://api.github.com/users/trunghien123/following{/other_user}","gists_url":"https://api.github.com/users/trunghien123/gists{/gist_id}","starred_url":"https://api.github.com/users/trunghien123/starred{/owner}{/repo}","subscriptions_url":"https://api.github.com/users/trunghien123/subscriptions","organizations_url":"https://api.github.com/users/trunghien123/orgs","repos_url":"https://api.github.com/users/trunghien123/repos","events_url":"https://api.github.com/users/trunghien123/events{/privacy}","received_events_url":"https://api.github.com/users/trunghien123/received_events","type":"User","site_admin":false,"name":null,"company":null,"blog":"","location":null,"email":null,"hireable":null,"bio":null,"twitter_username":null,"public_repos":22,"public_gists":0,"followers":1,"following":5,"created_at":"2018-11-05T14:33:49Z","updated_at":"2022-07-29T02:35:47Z","private_gists":0,"total_private_repos":4,"owned_private_repos":4,"disk_usage":161370,"collaborators":1,"two_factor_authentication":false,"plan":{"name":"free","space":976562499,"collaborators":0,"private_repos":10000}}
[info] 
[info] +  Success! Logged into GitHub as trunghien123 
[info] 
[debug] [2022-09-21T07:37:10.505Z] >>> [apiv2][query] GET https://api.github.com/repos//actions/secrets/public-key type=owner
[debug] [2022-09-21T07:37:10.932Z] <<< [apiv2][status] GET https://api.github.com/repos//actions/secrets/public-key 404
[debug] [2022-09-21T07:37:10.932Z] <<< [apiv2][body] GET https://api.github.com/repos//actions/secrets/public-key {"message":"Not Found","documentation_url":"https://docs.github.com/rest"}
[debug] [2022-09-21T07:37:12.251Z] >>> [apiv2][query] GET https://api.github.com/repos//actions/secrets/public-key type=owner
[debug] [2022-09-21T07:37:12.631Z] <<< [apiv2][status] GET https://api.github.com/repos//actions/secrets/public-key 404
[debug] [2022-09-21T07:37:12.631Z] <<< [apiv2][body] GET https://api.github.com/repos//actions/secrets/public-key {"message":"Not Found","documentation_url":"https://docs.github.com/rest"}
[debug] [2022-09-21T07:37:13.171Z] >>> [apiv2][query] GET https://api.github.com/repos//actions/secrets/public-key type=owner
[debug] [2022-09-21T07:37:13.537Z] <<< [apiv2][status] GET https://api.github.com/repos//actions/secrets/public-key 404
[debug] [2022-09-21T07:37:13.537Z] <<< [apiv2][body] GET https://api.github.com/repos//actions/secrets/public-key {"message":"Not Found","documentation_url":"https://docs.github.com/rest"}
